TN:
SF:index.ts
FN:36,(anonymous_1)
FNF:1
FNH:0
FNDA:0,(anonymous_1)
DA:1,1
DA:3,1
DA:5,1
DA:6,1
DA:8,1
DA:10,1
DA:14,1
DA:28,1
DA:29,1
DA:30,1
DA:31,1
DA:32,1
DA:33,1
DA:34,1
DA:35,1
DA:36,0
DA:37,0
DA:40,1
LF:18
LH:16
BRDA:34,0,0,1
BRDA:34,0,1,1
BRDA:35,1,0,0
BRF:3
BRH:2
end_of_record
TN:
SF:controllers/index.ts
FN:9,(anonymous_7)
FN:13,(anonymous_8)
FN:13,(anonymous_9)
FN:33,(anonymous_10)
FNF:4
FNH:3
FNDA:1,(anonymous_7)
FNDA:1,(anonymous_8)
FNDA:1,(anonymous_9)
FNDA:0,(anonymous_10)
DA:10,1
DA:13,1
DA:14,1
DA:15,1
DA:16,1
DA:17,1
DA:18,0
DA:22,1
DA:23,1
DA:24,1
DA:25,1
DA:26,1
DA:29,0
DA:34,0
DA:35,0
DA:36,0
DA:37,0
DA:42,1
LF:18
LH:12
BRDA:17,0,0,0
BRF:1
BRH:0
end_of_record
TN:
SF:cron/index.ts
FN:10,(anonymous_8)
FN:14,(anonymous_9)
FN:14,(anonymous_10)
FN:34,(anonymous_11)
FN:34,(anonymous_12)
FN:53,(anonymous_13)
FN:53,(anonymous_14)
FNF:7
FNH:1
FNDA:1,(anonymous_8)
FNDA:0,(anonymous_9)
FNDA:0,(anonymous_10)
FNDA:0,(anonymous_11)
FNDA:0,(anonymous_12)
FNDA:0,(anonymous_13)
FNDA:0,(anonymous_14)
DA:1,1
DA:2,1
DA:3,1
DA:5,1
DA:11,1
DA:14,1
DA:16,0
DA:17,0
DA:18,0
DA:20,0
DA:21,0
DA:22,0
DA:23,0
DA:24,0
DA:25,0
DA:26,0
DA:27,0
DA:28,0
DA:30,0
DA:31,0
DA:34,1
DA:35,0
DA:36,0
DA:37,0
DA:38,0
DA:39,0
DA:41,0
DA:42,0
DA:45,0
DA:51,1
DA:53,1
DA:54,0
DA:57,1
LF:33
LH:10
BRDA:17,0,0,0
BRDA:38,1,0,0
BRDA:41,2,0,0
BRDA:41,2,1,0
BRDA:41,3,0,0
BRDA:41,3,1,0
BRF:6
BRH:0
end_of_record
TN:
SF:db/mock.ts
FN:17,(anonymous_1)
FN:18,(anonymous_2)
FN:21,(anonymous_3)
FN:24,(anonymous_4)
FN:27,(anonymous_5)
FN:30,(anonymous_6)
FNF:6
FNH:4
FNDA:2,(anonymous_1)
FNDA:1,(anonymous_2)
FNDA:1,(anonymous_3)
FNDA:1,(anonymous_4)
FNDA:0,(anonymous_5)
FNDA:0,(anonymous_6)
DA:1,1
DA:19,1
DA:22,1
DA:25,1
DA:28,0
DA:31,0
DA:35,1
LF:7
LH:5
BRF:0
BRH:0
end_of_record
TN:
SF:db/mockQuery.ts
FN:5,(anonymous_8)
FN:5,(anonymous_9)
FN:10,(anonymous_10)
FN:10,(anonymous_11)
FN:32,(anonymous_12)
FN:32,(anonymous_13)
FN:37,(anonymous_14)
FN:37,(anonymous_15)
FN:52,(anonymous_16)
FN:52,(anonymous_17)
FNF:10
FNH:6
FNDA:0,(anonymous_8)
FNDA:0,(anonymous_9)
FNDA:1,(anonymous_10)
FNDA:1,(anonymous_11)
FNDA:0,(anonymous_12)
FNDA:0,(anonymous_13)
FNDA:1,(anonymous_14)
FNDA:1,(anonymous_15)
FNDA:1,(anonymous_16)
FNDA:1,(anonymous_17)
DA:1,1
DA:2,1
DA:4,1
DA:5,0
DA:6,0
DA:7,0
DA:10,1
DA:12,1
DA:13,1
DA:14,1
DA:15,1
DA:16,6
DA:17,1
DA:18,1
DA:21,1
DA:22,1
DA:23,14
DA:24,14
DA:25,1
DA:26,1
DA:29,1
DA:32,0
DA:33,0
DA:34,0
DA:37,1
DA:38,1
DA:40,1
DA:41,14
DA:42,14
DA:43,14
DA:44,14
DA:45,4
DA:46,4
DA:49,1
DA:52,1
DA:53,1
DA:57,1
LF:37
LH:31
BRDA:16,0,0,1
BRDA:24,1,0,1
BRDA:24,2,0,14
BRDA:24,2,1,1
BRDA:24,2,2,1
BRDA:44,3,0,4
BRF:6
BRH:6
end_of_record
TN:
SF:dist/index.js
FN:2,(anonymous_0)
FN:34,(anonymous_1)
FNF:2
FNH:1
FNDA:5,(anonymous_0)
FNDA:0,(anonymous_1)
DA:2,1
DA:3,5
DA:5,1
DA:6,1
DA:7,1
DA:8,1
DA:9,1
DA:10,1
DA:11,1
DA:13,1
DA:26,1
DA:27,1
DA:28,1
DA:29,1
DA:30,1
DA:31,1
DA:32,1
DA:33,1
DA:34,0
DA:35,0
DA:38,1
LF:21
LH:19
BRDA:2,0,0,1
BRDA:2,0,1,1
BRDA:2,0,2,1
BRDA:3,1,0,3
BRDA:3,1,1,2
BRDA:3,2,0,5
BRDA:3,2,1,5
BRDA:32,3,0,1
BRDA:32,3,1,1
BRDA:33,4,0,0
BRDA:33,4,1,1
BRF:11
BRH:10
end_of_record
TN:
SF:dist/controllers/index.js
FN:2,(anonymous_0)
FN:3,adopt
FN:3,(anonymous_2)
FN:4,(anonymous_3)
FN:5,fulfilled
FN:6,rejected
FN:7,step
FN:13,(anonymous_7)
FN:14,(anonymous_8)
FN:14,(anonymous_9)
FN:35,(anonymous_10)
FN:36,(anonymous_11)
FNF:12
FNH:8
FNDA:1,(anonymous_0)
FNDA:3,adopt
FNDA:0,(anonymous_2)
FNDA:1,(anonymous_3)
FNDA:3,fulfilled
FNDA:0,rejected
FNDA:4,step
FNDA:1,(anonymous_7)
FNDA:1,(anonymous_8)
FNDA:1,(anonymous_9)
FNDA:0,(anonymous_10)
FNDA:0,(anonymous_11)
DA:2,1
DA:3,3
DA:4,1
DA:5,3
DA:6,0
DA:7,4
DA:8,1
DA:11,1
DA:14,1
DA:15,1
DA:16,1
DA:17,1
DA:18,1
DA:19,0
DA:23,1
DA:24,1
DA:25,1
DA:26,1
DA:27,1
DA:30,0
DA:33,1
DA:36,0
DA:37,0
DA:38,0
DA:39,0
DA:40,0
DA:44,1
LF:27
LH:19
BRDA:2,0,0,1
BRDA:2,0,1,1
BRDA:2,0,2,1
BRDA:3,1,0,3
BRDA:3,1,1,0
BRDA:4,2,0,1
BRDA:4,2,1,1
BRDA:7,3,0,1
BRDA:7,3,1,3
BRDA:8,4,0,1
BRDA:8,4,1,1
BRDA:18,5,0,0
BRDA:18,5,1,1
BRF:13
BRH:11
end_of_record
TN:
SF:dist/cron/index.js
FN:2,(anonymous_0)
FN:3,adopt
FN:3,(anonymous_2)
FN:4,(anonymous_3)
FN:5,fulfilled
FN:6,rejected
FN:7,step
FN:11,(anonymous_7)
FN:20,(anonymous_8)
FN:21,(anonymous_9)
FN:21,(anonymous_10)
FN:40,(anonymous_11)
FN:40,(anonymous_12)
FN:59,(anonymous_13)
FN:59,(anonymous_14)
FNF:15
FNH:2
FNDA:0,(anonymous_0)
FNDA:0,adopt
FNDA:0,(anonymous_2)
FNDA:0,(anonymous_3)
FNDA:0,fulfilled
FNDA:0,rejected
FNDA:0,step
FNDA:3,(anonymous_7)
FNDA:1,(anonymous_8)
FNDA:0,(anonymous_9)
FNDA:0,(anonymous_10)
FNDA:0,(anonymous_11)
FNDA:0,(anonymous_12)
FNDA:0,(anonymous_13)
FNDA:0,(anonymous_14)
DA:2,1
DA:3,0
DA:4,0
DA:5,0
DA:6,0
DA:7,0
DA:8,0
DA:11,1
DA:12,3
DA:14,1
DA:15,1
DA:16,1
DA:17,1
DA:18,1
DA:21,1
DA:23,0
DA:24,0
DA:25,0
DA:27,0
DA:28,0
DA:29,0
DA:30,0
DA:31,0
DA:32,0
DA:33,0
DA:34,0
DA:35,0
DA:37,0
DA:38,0
DA:40,1
DA:41,0
DA:42,0
DA:43,0
DA:44,0
DA:45,0
DA:47,0
DA:48,0
DA:51,0
DA:54,1
DA:58,1
DA:59,1
DA:60,0
DA:62,1
LF:43
LH:14
BRDA:2,0,0,1
BRDA:2,0,1,1
BRDA:2,0,2,1
BRDA:3,1,0,0
BRDA:3,1,1,0
BRDA:4,2,0,0
BRDA:4,2,1,0
BRDA:7,3,0,0
BRDA:7,3,1,0
BRDA:8,4,0,0
BRDA:8,4,1,0
BRDA:11,5,0,1
BRDA:11,5,1,1
BRDA:11,5,2,1
BRDA:12,6,0,1
BRDA:12,6,1,2
BRDA:12,7,0,3
BRDA:12,7,1,3
BRDA:24,8,0,0
BRDA:24,8,1,0
BRDA:44,9,0,0
BRDA:44,9,1,0
BRDA:47,10,0,0
BRDA:47,10,1,0
BRDA:47,11,0,0
BRDA:47,11,1,0
BRF:26
BRH:10
end_of_record
TN:
SF:dist/db/mock.js
FN:2,(anonymous_0)
FN:9,(anonymous_1)
FN:10,(anonymous_2)
FN:13,(anonymous_3)
FN:16,(anonymous_4)
FN:19,(anonymous_5)
FN:22,(anonymous_6)
FNF:7
FNH:5
FNDA:1,(anonymous_0)
FNDA:2,(anonymous_1)
FNDA:1,(anonymous_2)
FNDA:1,(anonymous_3)
FNDA:1,(anonymous_4)
FNDA:0,(anonymous_5)
FNDA:0,(anonymous_6)
DA:2,1
DA:3,1
DA:5,1
DA:6,1
DA:7,1
DA:11,1
DA:14,1
DA:17,1
DA:20,0
DA:23,0
DA:26,1
LF:11
LH:9
BRDA:2,0,0,1
BRDA:2,0,1,1
BRDA:2,0,2,1
BRDA:3,1,0,1
BRDA:3,1,1,0
BRDA:3,2,0,1
BRDA:3,2,1,1
BRF:7
BRH:6
end_of_record
TN:
SF:dist/db/mockQuery.js
FN:2,(anonymous_0)
FN:3,adopt
FN:3,(anonymous_2)
FN:4,(anonymous_3)
FN:5,fulfilled
FN:6,rejected
FN:7,step
FN:11,(anonymous_7)
FN:18,(anonymous_8)
FN:18,(anonymous_9)
FN:22,(anonymous_10)
FN:22,(anonymous_11)
FN:43,(anonymous_12)
FN:43,(anonymous_13)
FN:47,(anonymous_14)
FN:47,(anonymous_15)
FN:61,(anonymous_16)
FN:61,(anonymous_17)
FNF:18
FNH:10
FNDA:3,(anonymous_0)
FNDA:0,adopt
FNDA:0,(anonymous_2)
FNDA:3,(anonymous_3)
FNDA:0,fulfilled
FNDA:0,rejected
FNDA:3,step
FNDA:2,(anonymous_7)
FNDA:0,(anonymous_8)
FNDA:0,(anonymous_9)
FNDA:1,(anonymous_10)
FNDA:1,(anonymous_11)
FNDA:0,(anonymous_12)
FNDA:0,(anonymous_13)
FNDA:1,(anonymous_14)
FNDA:1,(anonymous_15)
FNDA:1,(anonymous_16)
FNDA:1,(anonymous_17)
DA:2,1
DA:3,0
DA:4,3
DA:5,0
DA:6,0
DA:7,3
DA:8,3
DA:11,1
DA:12,2
DA:14,1
DA:15,1
DA:16,1
DA:17,1
DA:18,0
DA:19,0
DA:20,0
DA:22,1
DA:24,1
DA:25,1
DA:26,1
DA:27,1
DA:28,6
DA:29,1
DA:30,1
DA:33,1
DA:34,1
DA:35,14
DA:36,14
DA:37,1
DA:38,1
DA:41,1
DA:43,0
DA:44,0
DA:45,0
DA:47,1
DA:48,1
DA:50,1
DA:51,14
DA:52,14
DA:53,14
DA:54,14
DA:55,4
DA:56,4
DA:59,1
DA:61,1
DA:62,1
DA:65,1
LF:47
LH:38
BRDA:2,0,0,1
BRDA:2,0,1,1
BRDA:2,0,2,1
BRDA:3,1,0,0
BRDA:3,1,1,0
BRDA:4,2,0,3
BRDA:4,2,1,3
BRDA:7,3,0,3
BRDA:7,3,1,0
BRDA:8,4,0,3
BRDA:8,4,1,3
BRDA:11,5,0,1
BRDA:11,5,1,1
BRDA:11,5,2,1
BRDA:12,6,0,1
BRDA:12,6,1,1
BRDA:12,7,0,2
BRDA:12,7,1,2
BRDA:28,8,0,1
BRDA:28,8,1,5
BRDA:36,9,0,1
BRDA:36,9,1,13
BRDA:36,10,0,14
BRDA:36,10,1,1
BRDA:36,10,2,1
BRDA:54,11,0,4
BRDA:54,11,1,10
BRF:27
BRH:24
end_of_record
TN:
SF:dist/helpers/index.js
FN:3,findEarthDistance
FNF:1
FNH:1
FNDA:15,findEarthDistance
DA:2,1
DA:4,15
DA:5,15
DA:6,15
DA:7,15
DA:8,15
DA:9,15
DA:10,15
DA:13,15
DA:14,15
DA:15,15
DA:17,1
LF:12
LH:12
BRF:0
BRH:0
end_of_record
TN:
SF:dist/middlewares/errorHandler.js
FN:3,(anonymous_0)
FNF:1
FNH:0
FNDA:0,(anonymous_0)
DA:2,1
DA:3,1
DA:4,0
DA:5,0
DA:6,0
DA:10,0
DA:12,1
LF:7
LH:3
BRDA:4,0,0,0
BRDA:4,0,1,0
BRDA:7,1,0,0
BRDA:7,1,1,0
BRDA:8,2,0,0
BRDA:8,2,1,0
BRF:6
BRH:0
end_of_record
TN:
SF:dist/redis/index.js
FN:2,(anonymous_0)
FN:6,(anonymous_1)
FN:9,(anonymous_2)
FN:13,(anonymous_3)
FN:15,(anonymous_4)
FN:18,(anonymous_5)
FN:25,(anonymous_6)
FN:26,adopt
FN:26,(anonymous_8)
FN:27,(anonymous_9)
FN:28,fulfilled
FN:29,rejected
FN:30,step
FN:43,(anonymous_13)
FN:45,(anonymous_14)
FN:45,(anonymous_15)
FN:48,(anonymous_16)
FNF:17
FNH:7
FNDA:0,(anonymous_0)
FNDA:0,(anonymous_1)
FNDA:0,(anonymous_2)
FNDA:0,(anonymous_3)
FNDA:0,(anonymous_4)
FNDA:1,(anonymous_5)
FNDA:1,(anonymous_6)
FNDA:0,adopt
FNDA:0,(anonymous_8)
FNDA:1,(anonymous_9)
FNDA:0,fulfilled
FNDA:0,rejected
FNDA:1,step
FNDA:1,(anonymous_13)
FNDA:1,(anonymous_14)
FNDA:1,(anonymous_15)
FNDA:0,(anonymous_16)
DA:2,1
DA:3,0
DA:4,0
DA:5,0
DA:6,0
DA:8,0
DA:10,0
DA:11,0
DA:13,1
DA:14,0
DA:16,0
DA:18,1
DA:19,1
DA:20,0
DA:21,0
DA:22,0
DA:23,0
DA:25,1
DA:26,0
DA:27,1
DA:28,0
DA:29,0
DA:30,1
DA:31,1
DA:34,1
DA:35,1
DA:36,1
DA:43,1
DA:44,1
DA:45,1
DA:46,1
DA:49,0
DA:52,1
DA:53,1
LF:34
LH:17
BRDA:2,0,0,1
BRDA:2,0,1,1
BRDA:2,0,2,1
BRDA:2,1,0,1
BRDA:2,1,1,0
BRDA:3,2,0,0
BRDA:3,2,1,0
BRDA:5,3,0,0
BRDA:5,3,1,0
BRDA:5,4,0,0
BRDA:5,4,1,0
BRDA:5,5,0,0
BRDA:5,5,1,0
BRDA:5,6,0,0
BRDA:5,6,1,0
BRDA:10,7,0,0
BRDA:10,7,1,0
BRDA:13,8,0,1
BRDA:13,8,1,1
BRDA:13,8,2,1
BRDA:13,9,0,1
BRDA:13,9,1,0
BRDA:18,10,0,1
BRDA:18,10,1,1
BRDA:18,10,2,1
BRDA:19,11,0,1
BRDA:19,11,1,0
BRDA:19,12,0,1
BRDA:19,12,1,1
BRDA:21,13,0,0
BRDA:21,13,1,0
BRDA:21,14,0,0
BRDA:21,14,1,0
BRDA:21,15,0,0
BRDA:21,15,1,0
BRDA:25,16,0,1
BRDA:25,16,1,1
BRDA:25,16,2,1
BRDA:26,17,0,0
BRDA:26,17,1,0
BRDA:27,18,0,1
BRDA:27,18,1,1
BRDA:30,19,0,1
BRDA:30,19,1,0
BRDA:31,20,0,1
BRDA:31,20,1,1
BRF:46
BRH:22
end_of_record
TN:
SF:dist/routes/index.js
FN:2,(anonymous_0)
FNF:1
FNH:1
FNDA:2,(anonymous_0)
DA:2,1
DA:3,2
DA:5,1
DA:6,1
DA:7,1
DA:8,1
DA:9,1
DA:10,1
DA:11,1
DA:12,1
DA:13,1
LF:11
LH:11
BRDA:2,0,0,1
BRDA:2,0,1,1
BRDA:2,0,2,1
BRDA:3,1,0,1
BRDA:3,1,1,1
BRDA:3,2,0,2
BRDA:3,2,1,2
BRF:7
BRH:7
end_of_record
TN:
SF:helpers/index.ts
FN:1,findEarthDistance
FNF:1
FNH:1
FNDA:15,findEarthDistance
DA:2,15
DA:3,15
DA:4,15
DA:5,15
DA:6,15
DA:7,15
DA:8,15
DA:12,15
DA:13,15
DA:14,15
DA:17,1
LF:11
LH:11
BRF:0
BRH:0
end_of_record
TN:
SF:middlewares/errorHandler.ts
FN:3,(anonymous_0)
FNF:1
FNH:0
FNDA:0,(anonymous_0)
DA:3,1
DA:4,0
DA:5,0
DA:6,0
DA:10,0
DA:13,1
LF:6
LH:2
BRDA:4,0,0,0
BRDA:4,0,1,0
BRDA:7,1,0,0
BRDA:7,1,1,0
BRDA:8,2,0,0
BRDA:8,2,1,0
BRF:6
BRH:0
end_of_record
TN:
SF:redis/index.ts
FN:11,(anonymous_13)
FN:13,(anonymous_14)
FN:13,(anonymous_15)
FN:16,(anonymous_16)
FNF:4
FNH:1
FNDA:1,(anonymous_13)
FNDA:0,(anonymous_14)
FNDA:0,(anonymous_15)
FNDA:0,(anonymous_16)
DA:1,1
DA:3,1
DA:11,1
DA:12,1
DA:13,1
DA:14,0
DA:17,0
DA:21,1
DA:23,1
LF:9
LH:7
BRF:0
BRH:0
end_of_record
TN:
SF:routes/index.ts
FNF:0
FNH:0
DA:1,1
DA:2,1
DA:4,1
DA:6,1
DA:8,1
DA:10,1
DA:12,1
DA:14,1
LF:8
LH:8
BRF:0
BRH:0
end_of_record
